<?xml version="1.0" encoding="UTF-8"?>
<!-- Generated by org.testng.reporters.JUnitReportReporter -->
<testsuite hostname="PradeepChuhan" failures="0" tests="4" name="login.Verify_login_with_MultipleSetData" time="81.132" errors="0" timestamp="2024-11-26T16:15:20 IST" skipped="0">
  <testcase classname="login.Verify_login_with_MultipleSetData" name="Verify_Login_functionality_with_multiple_SetData" time="19.026"/>
  <system-out/>
  <testcase classname="login.Verify_login_with_MultipleSetData" name="Verify_Login_functionality_with_multiple_SetData" time="24.084"/>
  <system-out/>
  <testcase classname="login.Verify_login_with_MultipleSetData" name="Verify_Login_functionality_with_multiple_SetData" time="19.495"/>
  <system-out/>
  <testcase classname="login.Verify_login_with_MultipleSetData" name="Verify_Login_functionality_with_multiple_SetData" time="18.527"/>
  <system-out/>
</testsuite> <!-- login.Verify_login_with_MultipleSetData -->
