<?xml version="1.0" encoding="UTF-8"?>
<!-- Generated by org.testng.reporters.JUnitReportReporter -->
<testsuite hostname="PradeepChuhan" failures="0" tests="1" name="login.LoginSuccessfull" time="5.598" errors="0" timestamp="2024-11-07T19:04:09 IST" skipped="0">
  <testcase classname="login.LoginSuccessfull" name="login" time="5.598"/>
  <system-out/>
</testsuite> <!-- login.LoginSuccessfull -->
