<?xml version="1.0" encoding="UTF-8"?>
<!-- Generated by org.testng.reporters.JUnitReportReporter -->
<testsuite hostname="PradeepChuhan" failures="0" tests="1" name="login.LoginPage_TestCases" time="25.484" errors="0" timestamp="2024-12-04T18:14:11 IST" skipped="0">
  <testcase classname="login.LoginPage_TestCases" name="Verify_Login_with_valid_Credential" time="25.484"/>
  <system-out/>
</testsuite> <!-- login.LoginPage_TestCases -->
