<?xml version="1.0" encoding="UTF-8"?>
<!-- Generated by org.testng.reporters.JUnitReportReporter -->
<testsuite hostname="PradeepChuhan" failures="0" tests="8" name="login.LoginPage_TestCases" time="230.895" errors="0" timestamp="2024-11-11T16:41:46 IST" skipped="0">
  <testcase classname="login.LoginPage_TestCases" name="Verify_GooglePlay_button_on_LoginPage" time="4.379"/>
  <system-out/>
  <testcase classname="login.LoginPage_TestCases" name="Verify_ManadatoryField_validationMessage" time="22.815"/>
  <system-out/>
  <testcase classname="login.LoginPage_TestCases" name="Verify_Login_With_InvalidEmailAddress" time="22.154"/>
  <system-out/>
  <testcase classname="login.LoginPage_TestCases" name="Verify_login_with_Non_RegisteredEmailAddress" time="26.398"/>
  <system-out/>
  <testcase classname="login.LoginPage_TestCases" name="Verify_Login_With_Valid_EmailAddress_Invalid_Password" time="23.210"/>
  <system-out/>
  <testcase classname="login.LoginPage_TestCases" name="Verify_Login_with_valid_Credential" time="74.107"/>
  <system-out/>
  <testcase classname="login.LoginPage_TestCases" name="Verify_SignUp_link_on_LoginPage" time="38.929"/>
  <system-out/>
  <testcase classname="login.LoginPage_TestCases" name="Verify_ForgotPassword_Link_on_LoginPage" time="18.903"/>
  <system-out/>
</testsuite> <!-- login.LoginPage_TestCases -->
