<?xml version="1.0" encoding="UTF-8"?>
<!-- Generated by org.testng.reporters.JUnitReportReporter -->
<testsuite hostname="PradeepChuhan" failures="0" tests="8" name="login.LoginPage_TestCases" time="158.043" errors="0" timestamp="2024-11-12T18:33:28 IST" skipped="0">
  <testcase classname="login.LoginPage_TestCases" name="Verify_GooglePlay_button_on_LoginPage" time="22.575"/>
  <system-out/>
  <testcase classname="login.LoginPage_TestCases" name="Verify_ManadatoryField_validationMessage" time="23.844"/>
  <system-out/>
  <testcase classname="login.LoginPage_TestCases" name="Verify_Login_With_InvalidEmailAddress" time="17.970"/>
  <system-out/>
  <testcase classname="login.LoginPage_TestCases" name="Verify_login_with_Non_RegisteredEmailAddress" time="19.779"/>
  <system-out/>
  <testcase classname="login.LoginPage_TestCases" name="Verify_Login_With_Valid_EmailAddress_Invalid_Password" time="20.670"/>
  <system-out/>
  <testcase classname="login.LoginPage_TestCases" name="Verify_Login_with_valid_Credential" time="32.801"/>
  <system-out/>
  <testcase classname="login.LoginPage_TestCases" name="Verify_SignUp_link_on_LoginPage" time="17.189"/>
  <system-out/>
  <testcase classname="login.LoginPage_TestCases" name="Verify_ForgotPassword_Link_on_LoginPage" time="3.215"/>
  <system-out/>
</testsuite> <!-- login.LoginPage_TestCases -->
