<?xml version="1.0" encoding="UTF-8"?>
<!-- Generated by org.testng.reporters.JUnitReportReporter -->
<testsuite hostname="PradeepChuhan" failures="0" tests="4" name="login.Verify_login_with_MultipleSetData" time="80.206" errors="0" timestamp="2024-11-12T19:26:48 IST" skipped="0">
  <testcase classname="login.Verify_login_with_MultipleSetData" name="Verify_Login_functionality_with_multiple_SetData" time="20.009"/>
  <system-out/>
  <testcase classname="login.Verify_login_with_MultipleSetData" name="Verify_Login_functionality_with_multiple_SetData" time="19.290"/>
  <system-out/>
  <testcase classname="login.Verify_login_with_MultipleSetData" name="Verify_Login_functionality_with_multiple_SetData" time="19.120"/>
  <system-out/>
  <testcase classname="login.Verify_login_with_MultipleSetData" name="Verify_Login_functionality_with_multiple_SetData" time="21.787"/>
  <system-out/>
</testsuite> <!-- login.Verify_login_with_MultipleSetData -->
